Arguments: 
  /home/kayode/.nvm/versions/node/v14.19.3/bin/node /usr/bin/yarn add crypto-js

PATH: 
  /home/kayode/.nvm/versions/node/v14.19.3/bin:/usr/lib/postgresql/14.3/bin/:/usr/local/sbin:/usr/local/bin:/usr/bin:/var/lib/flatpak/exports/bin:/usr/bin/site_perl:/usr/bin/vendor_perl:/usr/bin/core_perl:/usr/lib/smlnj/bin:/var/lib/snapd/snap/bin

Yarn version: 
  1.22.18

Node version: 
  14.19.3

Platform: 
  linux x64

Trace: 
  Error: connect ENETUNREACH 2606:4700::6810:1523:443 - Local (:::0)
      at internalConnect (net.js:934:16)
      at defaultTriggerAsyncIdScope (internal/async_hooks.js:452:18)
      at emitLookup (net.js:1077:9)
      at /usr/lib/node_modules/yarn/lib/cli.js:103599:29
      at /usr/lib/node_modules/yarn/lib/cli.js:103445:25
      at RawTask.module.exports.RawTask.call (/usr/lib/node_modules/yarn/lib/cli.js:79577:19)
      at flush (/usr/lib/node_modules/yarn/lib/cli.js:79659:29)
      at processTicksAndRejections (internal/process/task_queues.js:77:11)

npm manifest: 
  {
    "name": "ethereum_blockchain",
    "version": "1.0.0",
    "main": "index.js",
    "repository": "git@github.com:zt4ff/ethereum_blockchain.git",
    "author": "Kayode Oluwasegun <segunkayode00@gmail.com>",
    "license": "MIT",
    "dependencies": {}
  }

yarn manifest: 
  No manifest

Lockfile: 
  No lockfile
